

Microchip Technology PIC LITE Macro Assembler V1.33 build 59893 
                                                                                               Wed Feb 19 17:26:47 2025

Microchip Technology Omniscient Code Generator (Lite mode) build 59893
     1                           	processor	16F877A
     2                           	opt	pw 120
     3                           	opt	lm
     4                           	psect	text0,local,class=CODE,merge=1,delta=2
     5                           	psect	cinit,global,class=CODE,merge=1,delta=2
     6                           	psect	bitbssCOMMON,global,bit,class=COMMON,space=1,delta=1
     7                           	psect	cstackCOMMON,global,class=COMMON,space=1,delta=1
     8                           	psect	cstackBANK0,global,class=BANK0,space=1,delta=1
     9                           	psect	maintext,global,class=CODE,split=1,delta=2
    10                           	psect	text1,local,class=CODE,merge=1,delta=2
    11                           	psect	text2,local,class=CODE,merge=1,delta=2
    12                           	psect	intentry,global,class=CODE,delta=2
    13                           	dabs	1,0x7E,2
    14  0000                     	;# 
    15  0001                     	;# 
    16  0002                     	;# 
    17  0003                     	;# 
    18  0004                     	;# 
    19  0005                     	;# 
    20  0006                     	;# 
    21  0007                     	;# 
    22  0008                     	;# 
    23  0009                     	;# 
    24  000A                     	;# 
    25  000B                     	;# 
    26  000C                     	;# 
    27  000D                     	;# 
    28  000E                     	;# 
    29  000E                     	;# 
    30  000F                     	;# 
    31  0010                     	;# 
    32  0011                     	;# 
    33  0012                     	;# 
    34  0013                     	;# 
    35  0014                     	;# 
    36  0015                     	;# 
    37  0015                     	;# 
    38  0016                     	;# 
    39  0017                     	;# 
    40  0018                     	;# 
    41  0019                     	;# 
    42  001A                     	;# 
    43  001B                     	;# 
    44  001B                     	;# 
    45  001C                     	;# 
    46  001D                     	;# 
    47  001E                     	;# 
    48  001F                     	;# 
    49  0081                     	;# 
    50  0085                     	;# 
    51  0086                     	;# 
    52  0087                     	;# 
    53  0088                     	;# 
    54  0089                     	;# 
    55  008C                     	;# 
    56  008D                     	;# 
    57  008E                     	;# 
    58  0091                     	;# 
    59  0092                     	;# 
    60  0093                     	;# 
    61  0094                     	;# 
    62  0098                     	;# 
    63  0099                     	;# 
    64  009C                     	;# 
    65  009D                     	;# 
    66  009E                     	;# 
    67  009F                     	;# 
    68  010C                     	;# 
    69  010D                     	;# 
    70  010E                     	;# 
    71  010F                     	;# 
    72  018C                     	;# 
    73  018D                     	;# 
    74  0007                     _PORTC	set	7
    75  005F                     _GIE	set	95
    76  005C                     _INTE	set	92
    77  0059                     _INTF	set	89
    78  005D                     _TMR0IE	set	93
    79  005A                     _TMR0IF	set	90
    80  0081                     _OPTION_REG	set	129
    81  0086                     _TRISB	set	134
    82  0087                     _TRISC	set	135
    83  0088                     _TRISD	set	136
    84  040E                     _INTEDG	set	1038
    85                           
    86                           	psect	text0
    87  0000                     __ptext0:	
    88                           ; #config settings
    89                           
    90                           
    91                           ;psect for function _ISR
    92  0000                     
    93                           	psect	cinit
    94  0015                     start_initialization:	
    95  0015                     __initialization:	
    96                           
    97                           ; Clear objects allocated to BITCOMMON
    98  0015  01F9               	clrf	(__pbitbssCOMMON/(0+8))& (0+127)
    99  0016                     end_of_initialization:	
   100                           ;End of C runtime variable initialization code
   101                           
   102  0016                     __end_of__initialization:	
   103  0016  0183               	clrf	3
   104  0017  120A  118A  281A   	ljmp	_main	;jump to C main() function
   105                           
   106                           	psect	bitbssCOMMON
   107  03C8                     __pbitbssCOMMON:	
   108  03C8                     _INTF_flag:	
   109  03C8                     	ds	1
   110  03C9                     _TMR0IF_flag:	
   111  03C9                     	ds	1
   112                           
   113                           	psect	cstackCOMMON
   114  0070                     __pcstackCOMMON:	
   115  0070                     ?_ISR:	
   116  0070                     ??_ISR:	
   117                           ; 0 bytes @ 0x0
   118                           
   119  0070                     ?_main:	
   120                           ; 0 bytes @ 0x0
   121                           
   122                           
   123                           ; 0 bytes @ 0x0
   124  0070                     	ds	4
   125  0074                     ?_delay:	
   126  0074                     delay@count:	
   127                           ; 0 bytes @ 0x4
   128                           
   129                           
   130                           ; 2 bytes @ 0x4
   131  0074                     	ds	2
   132  0076                     ??_delay:	
   133                           
   134                           ; 0 bytes @ 0x6
   135  0076                     	ds	1
   136  0077                     delay@OF_count:	
   137                           
   138                           ; 2 bytes @ 0x7
   139  0077                     	ds	2
   140                           
   141                           	psect	cstackBANK0
   142  0020                     __pcstackBANK0:	
   143  0020                     ??_main:	
   144                           
   145                           ; 0 bytes @ 0x0
   146  0020                     	ds	1
   147  0021                     main@counter:	
   148                           
   149                           ; 1 bytes @ 0x1
   150  0021                     	ds	1
   151                           
   152                           	psect	maintext
   153  001A                     __pmaintext:	
   154 ;;
   155 ;;Main: autosize = 0, tempsize = 1, incstack = 0, save=0
   156 ;;
   157 ;; *************** function _main *****************
   158 ;; Defined at:
   159 ;;		line 44 in file "Z:\CPE 3201_Besinga_LabExer\PA3\LE1\LE3-1.c"
   160 ;; Parameters:    Size  Location     Type
   161 ;;		None
   162 ;; Auto vars:     Size  Location     Type
   163 ;;  counter         1    1[BANK0 ] unsigned char 
   164 ;; Return value:  Size  Location     Type
   165 ;;		None               void
   166 ;; Registers used:
   167 ;;		wreg, status,2, status,0, pclath, cstack
   168 ;; Tracked objects:
   169 ;;		On entry : 17F/0
   170 ;;		On exit  : 0/0
   171 ;;		Unchanged: 0/0
   172 ;; Data sizes:     COMMON   BANK0   BANK1   BANK3   BANK2
   173 ;;      Params:         0       0       0       0       0
   174 ;;      Locals:         0       1       0       0       0
   175 ;;      Temps:          0       1       0       0       0
   176 ;;      Totals:         0       2       0       0       0
   177 ;;Total ram usage:        2 bytes
   178 ;; Hardware stack levels required when called:    2
   179 ;; This function calls:
   180 ;;		_delay
   181 ;; This function is called by:
   182 ;;		Startup code after reset
   183 ;; This function uses a non-reentrant model
   184 ;;
   185                           
   186                           
   187                           ;psect for function _main
   188  001A                     _main:	
   189                           
   190                           ;LE3-1.c: 46: unsigned char counter = 0x00;
   191                           
   192                           ;incstack = 0
   193                           ; Regs used in _main: [wreg+status,2+status,0+pclath+cstack]
   194  001A  1283               	bcf	3,5	;RP0=0, select bank0
   195  001B  1303               	bcf	3,6	;RP1=0, select bank0
   196  001C  01A1               	clrf	main@counter
   197                           
   198                           ;LE3-1.c: 48: OPTION_REG = 0xC4;
   199  001D  30C4               	movlw	196
   200  001E  1683               	bsf	3,5	;RP0=1, select bank1
   201  001F  1303               	bcf	3,6	;RP1=0, select bank1
   202  0020  0081               	movwf	1	;volatile
   203                           
   204                           ;LE3-1.c: 50: TRISB = 0xFF;
   205  0021  30FF               	movlw	255
   206  0022  0086               	movwf	6	;volatile
   207                           
   208                           ;LE3-1.c: 51: TRISC = 0x00;
   209  0023  0187               	clrf	7	;volatile
   210                           
   211                           ;LE3-1.c: 52: TRISD = 0xFF;
   212  0024  30FF               	movlw	255
   213  0025  0088               	movwf	8	;volatile
   214                           
   215                           ;LE3-1.c: 55: INTEDG = 1;
   216  0026  1701               	bsf	1,6	;volatile
   217                           
   218                           ;LE3-1.c: 56: INTE = 1;
   219  0027  160B               	bsf	11,4	;volatile
   220                           
   221                           ;LE3-1.c: 57: INTF = 0;
   222  0028  108B               	bcf	11,1	;volatile
   223                           
   224                           ;LE3-1.c: 59: TMR0IF = 0;
   225  0029  110B               	bcf	11,2	;volatile
   226                           
   227                           ;LE3-1.c: 60: TMR0IE = 1;
   228  002A  168B               	bsf	11,5	;volatile
   229                           
   230                           ;LE3-1.c: 62: GIE = 1;
   231  002B  178B               	bsf	11,7	;volatile
   232                           
   233                           ;LE3-1.c: 64: PORTC = 0x00;
   234  002C  1283               	bcf	3,5	;RP0=0, select bank0
   235  002D  1303               	bcf	3,6	;RP1=0, select bank0
   236  002E  0187               	clrf	7	;volatile
   237  002F                     l623:	
   238                           ;LE3-1.c: 66: while(1)
   239                           
   240                           
   241                           ;LE3-1.c: 67: {
   242                           ;LE3-1.c: 68: if(INTF_flag == 0)
   243  002F  1879               	btfsc	_INTF_flag/(0+8),_INTF_flag& (0+7)
   244  0030  2834               	goto	l627
   245  0031                     l44:	
   246                           ;LE3-1.c: 69: {
   247                           ;LE3-1.c: 70: while(INTF_flag != 1){
   248                           
   249  0031  1879               	btfsc	_INTF_flag/(0+8),_INTF_flag& (0+7)
   250  0032  2840               	goto	l633
   251  0033  2831               	goto	l44
   252  0034                     l627:	
   253                           ;LE3-1.c: 71: }
   254                           ;LE3-1.c: 72: }
   255                           
   256                           
   257                           ;LE3-1.c: 73: else if(counter == 0x09)
   258  0034  1283               	bcf	3,5	;RP0=0, select bank0
   259  0035  1303               	bcf	3,6	;RP1=0, select bank0
   260  0036  0821               	movf	main@counter,w
   261  0037  3A09               	xorlw	9
   262  0038  1D03               	skipz
   263  0039  283C               	goto	l631
   264                           
   265                           ;LE3-1.c: 74: {
   266                           ;LE3-1.c: 75: counter = 0x00;
   267  003A  01A1               	clrf	main@counter
   268                           
   269                           ;LE3-1.c: 76: }
   270  003B  2840               	goto	l633
   271  003C                     l631:	
   272                           
   273                           ;LE3-1.c: 77: else
   274                           ;LE3-1.c: 78: {
   275                           ;LE3-1.c: 79: counter++;
   276  003C  3001               	movlw	1
   277  003D  00A0               	movwf	??_main
   278  003E  0820               	movf	??_main,w
   279  003F  07A1               	addwf	main@counter,f
   280  0040                     l633:	
   281                           
   282                           ;LE3-1.c: 80: }
   283                           ;LE3-1.c: 83: delay(98);
   284  0040  3062               	movlw	98
   285  0041  00F4               	movwf	delay@count
   286  0042  3000               	movlw	0
   287  0043  00F5               	movwf	delay@count+1
   288  0044  120A  118A  204E  120A  118A  	fcall	_delay
   289                           
   290                           ;LE3-1.c: 84: PORTC = counter;
   291  0049  1283               	bcf	3,5	;RP0=0, select bank0
   292  004A  1303               	bcf	3,6	;RP1=0, select bank0
   293  004B  0821               	movf	main@counter,w
   294  004C  0087               	movwf	7	;volatile
   295  004D  282F               	goto	l623
   296  004E                     __end_of_main:	
   297                           
   298                           	psect	text1
   299  004E                     __ptext1:	
   300 ;; *************** function _delay *****************
   301 ;; Defined at:
   302 ;;		line 30 in file "Z:\CPE 3201_Besinga_LabExer\PA3\LE1\LE3-1.c"
   303 ;; Parameters:    Size  Location     Type
   304 ;;  count           2    4[COMMON] int 
   305 ;; Auto vars:     Size  Location     Type
   306 ;;  OF_count        2    7[COMMON] int 
   307 ;; Return value:  Size  Location     Type
   308 ;;		None               void
   309 ;; Registers used:
   310 ;;		wreg, status,2
   311 ;; Tracked objects:
   312 ;;		On entry : 0/0
   313 ;;		On exit  : 0/0
   314 ;;		Unchanged: 0/0
   315 ;; Data sizes:     COMMON   BANK0   BANK1   BANK3   BANK2
   316 ;;      Params:         2       0       0       0       0
   317 ;;      Locals:         2       0       0       0       0
   318 ;;      Temps:          1       0       0       0       0
   319 ;;      Totals:         5       0       0       0       0
   320 ;;Total ram usage:        5 bytes
   321 ;; Hardware stack levels used:    1
   322 ;; Hardware stack levels required when called:    1
   323 ;; This function calls:
   324 ;;		Nothing
   325 ;; This function is called by:
   326 ;;		_main
   327 ;; This function uses a non-reentrant model
   328 ;;
   329                           
   330                           
   331                           ;psect for function _delay
   332  004E                     _delay:	
   333                           
   334                           ;LE3-1.c: 32: int OF_count = 0;
   335                           
   336                           ;incstack = 0
   337                           ; Regs used in _delay: [wreg+status,2]
   338  004E  01F7               	clrf	delay@OF_count
   339  004F  01F8               	clrf	delay@OF_count+1
   340  0050                     l35:	
   341                           ;LE3-1.c: 34: while (OF_count < count)
   342                           
   343  0050  0878               	movf	delay@OF_count+1,w
   344  0051  3A80               	xorlw	128
   345  0052  00F6               	movwf	??_delay
   346  0053  0875               	movf	delay@count+1,w
   347  0054  3A80               	xorlw	128
   348  0055  0276               	subwf	??_delay,w
   349  0056  1D03               	skipz
   350  0057  285A               	goto	u95
   351  0058  0874               	movf	delay@count,w
   352  0059  0277               	subwf	delay@OF_count,w
   353  005A                     u95:	
   354  005A  1803               	btfsc	3,0
   355  005B  0008               	return
   356                           
   357                           ;LE3-1.c: 35: {
   358                           ;LE3-1.c: 36: if (TMR0IF_flag == 1)
   359  005C  1CF9               	btfss	_TMR0IF_flag/(0+8),_TMR0IF_flag& (0+7)
   360  005D  2850               	goto	l35
   361                           
   362                           ;LE3-1.c: 37: {
   363                           ;LE3-1.c: 38: OF_count++;
   364  005E  3001               	movlw	1
   365  005F  07F7               	addwf	delay@OF_count,f
   366  0060  1803               	skipnc
   367  0061  0AF8               	incf	delay@OF_count+1,f
   368  0062  3000               	movlw	0
   369  0063  07F8               	addwf	delay@OF_count+1,f
   370                           
   371                           ;LE3-1.c: 39: TMR0IF_flag = 0;
   372  0064  10F9               	bcf	_TMR0IF_flag/(0+8),_TMR0IF_flag& (0+7)
   373  0065  2850               	goto	l35
   374  0066                     __end_of_delay:	
   375                           
   376                           	psect	text2
   377  0066                     __ptext2:	
   378 ;; *************** function _ISR *****************
   379 ;; Defined at:
   380 ;;		line 14 in file "Z:\CPE 3201_Besinga_LabExer\PA3\LE1\LE3-1.c"
   381 ;; Parameters:    Size  Location     Type
   382 ;;		None
   383 ;; Auto vars:     Size  Location     Type
   384 ;;		None
   385 ;; Return value:  Size  Location     Type
   386 ;;		None               void
   387 ;; Registers used:
   388 ;;		wreg
   389 ;; Tracked objects:
   390 ;;		On entry : 0/0
   391 ;;		On exit  : 0/0
   392 ;;		Unchanged: 0/0
   393 ;; Data sizes:     COMMON   BANK0   BANK1   BANK3   BANK2
   394 ;;      Params:         0       0       0       0       0
   395 ;;      Locals:         0       0       0       0       0
   396 ;;      Temps:          4       0       0       0       0
   397 ;;      Totals:         4       0       0       0       0
   398 ;;Total ram usage:        4 bytes
   399 ;; Hardware stack levels used:    1
   400 ;; This function calls:
   401 ;;		Nothing
   402 ;; This function is called by:
   403 ;;		Interrupt level 1
   404 ;; This function uses a non-reentrant model
   405 ;;
   406                           
   407                           
   408                           ;psect for function _ISR
   409  0066                     _ISR:	
   410                           
   411                           ;LE3-1.c: 16: GIE = 0;
   412  0066  138B               	bcf	11,7	;volatile
   413                           
   414                           ;LE3-1.c: 18: if(INTF == 1){
   415  0067  1C8B               	btfss	11,1	;volatile
   416  0068  286D               	goto	i1l29
   417                           
   418                           ;LE3-1.c: 19: INTF = 0;
   419  0069  108B               	bcf	11,1	;volatile
   420                           
   421                           ;LE3-1.c: 20: INTF_flag ^= 1;
   422  006A  3001               	movlw	(0+1) shl (_INTF_flag& (0+7))
   423  006B  06F9               	xorwf	_INTF_flag/(0+8),f
   424                           
   425                           ;LE3-1.c: 21: }
   426  006C  2871               	goto	i1l30
   427  006D                     i1l29:	
   428                           
   429                           ;LE3-1.c: 22: else if(TMR0IF == 1){
   430  006D  1D0B               	btfss	11,2	;volatile
   431  006E  2871               	goto	i1l30
   432                           
   433                           ;LE3-1.c: 23: TMR0IF = 0;
   434  006F  110B               	bcf	11,2	;volatile
   435                           
   436                           ;LE3-1.c: 24: TMR0IF_flag = 1;
   437  0070  14F9               	bsf	_TMR0IF_flag/(0+8),_TMR0IF_flag& (0+7)
   438  0071                     i1l30:	
   439                           
   440                           ;LE3-1.c: 25: }
   441                           ;LE3-1.c: 27: GIE = 1;
   442  0071  178B               	bsf	11,7	;volatile
   443  0072  0873               	movf	??_ISR+3,w
   444  0073  00FF               	movwf	127
   445  0074  0872               	movf	??_ISR+2,w
   446  0075  008A               	movwf	10
   447  0076  0871               	movf	??_ISR+1,w
   448  0077  0084               	movwf	4
   449  0078  0E70               	swapf	??_ISR^(0+-128),w
   450  0079  0083               	movwf	3
   451  007A  0EFE               	swapf	126,f
   452  007B  0E7E               	swapf	126,w
   453  007C  0009               	retfie
   454  007D                     __end_of_ISR:	
   455  007E                     btemp	set	126	;btemp
   456  007E                     wtemp	set	126
   457  007E                     wtemp0	set	126
   458  0080                     wtemp1	set	128
   459  0082                     wtemp2	set	130
   460  0084                     wtemp3	set	132
   461  0086                     wtemp4	set	134
   462  0088                     wtemp5	set	136
   463  007F                     wtemp6	set	127
   464  007E                     ttemp	set	126
   465  007E                     ttemp0	set	126
   466  0081                     ttemp1	set	129
   467  0084                     ttemp2	set	132
   468  0087                     ttemp3	set	135
   469  007F                     ttemp4	set	127
   470  007E                     ltemp	set	126
   471  007E                     ltemp0	set	126
   472  0082                     ltemp1	set	130
   473  0086                     ltemp2	set	134
   474  0080                     ltemp3	set	128
   475                           
   476                           	psect	intentry
   477  0004                     __pintentry:	
   478                           ;incstack = 0
   479                           ; Regs used in _ISR: [wreg]
   480                           
   481  0004                     interrupt_function:	
   482  007E                     saved_w	set	btemp
   483  0004  00FE               	movwf	btemp
   484  0005  0E03               	swapf	3,w
   485  0006  00F0               	movwf	??_ISR
   486  0007  0804               	movf	4,w
   487  0008  00F1               	movwf	??_ISR+1
   488  0009  080A               	movf	10,w
   489  000A  00F2               	movwf	??_ISR+2
   490  000B  1283               	bcf	3,5	;RP0=0, select bank0
   491  000C  1303               	bcf	3,6	;RP1=0, select bank0
   492  000D  087F               	movf	btemp+1,w
   493  000E  00F3               	movwf	??_ISR+3
   494  000F  120A  118A  2866   	ljmp	_ISR


Data Sizes:
    Strings     0
    Constant    0
    Data        0
    BSS         0
    Persistent  0
    Stack       0

Auto Spaces:
    Space          Size  Autos    Used
    COMMON           14      9      10
    BANK0            80      2       2
    BANK1            80      0       0
    BANK3            96      0       0
    BANK2            96      0       0

Pointer List with Targets:

    None.

Critical Paths under _main in COMMON

    _main->_delay

Critical Paths under _ISR in COMMON

    None.

Critical Paths under _main in BANK0

    None.

Critical Paths under _ISR in BANK0

    None.

Critical Paths under _main in BANK1

    None.

Critical Paths under _ISR in BANK1

    None.

Critical Paths under _main in BANK3

    None.

Critical Paths under _ISR in BANK3

    None.

Critical Paths under _main in BANK2

    None.

Critical Paths under _ISR in BANK2

    None.

Call Graph Tables:

 ---------------------------------------------------------------------------------
 (Depth) Function   	        Calls       Base Space   Used Autos Params    Refs
 ---------------------------------------------------------------------------------
 (0) _main                                                 2     2      0     170
                                              0 BANK0      2     2      0
                              _delay
 ---------------------------------------------------------------------------------
 (1) _delay                                                5     3      2      99
                                              4 COMMON     5     3      2
 ---------------------------------------------------------------------------------
 Estimated maximum stack depth 1
 ---------------------------------------------------------------------------------
 (Depth) Function   	        Calls       Base Space   Used Autos Params    Refs
 ---------------------------------------------------------------------------------
 (2) _ISR                                                  4     4      0       0
                                              0 COMMON     4     4      0
 ---------------------------------------------------------------------------------
 Estimated maximum stack depth 2
 ---------------------------------------------------------------------------------

 Call Graph Graphs:

 _main (ROOT)
   _delay

 _ISR (ROOT)

 Address spaces:
Name               Size   Autos  Total    Cost      Usage
BITCOMMON            E      0       1       0        7.1%
EEDATA             100      0       0       0        0.0%
NULL                 0      0       0       0        0.0%
CODE                 0      0       0       0        0.0%
COMMON               E      9       A       1       71.4%
BITSFR0              0      0       0       1        0.0%
SFR0                 0      0       0       1        0.0%
BITSFR1              0      0       0       2        0.0%
SFR1                 0      0       0       2        0.0%
STACK                0      0       0       2        0.0%
ABS                  0      0       C       3        0.0%
BITBANK0            50      0       0       4        0.0%
BITSFR3              0      0       0       4        0.0%
SFR3                 0      0       0       4        0.0%
BANK0               50      2       2       5        2.5%
BITSFR2              0      0       0       5        0.0%
SFR2                 0      0       0       5        0.0%
BITBANK1            50      0       0       6        0.0%
BANK1               50      0       0       7        0.0%
BITBANK3            60      0       0       8        0.0%
BANK3               60      0       0       9        0.0%
BITBANK2            60      0       0      10        0.0%
BANK2               60      0       0      11        0.0%
DATA                 0      0       C      12        0.0%


Microchip Technology PIC Macro Assembler V1.33 build 59893 
Symbol Table                                                                                   Wed Feb 19 17:26:47 2025

            __CFG_CP$OFF 0000                       l35 0050                       l44 0031  
                     u95 005A                      l631 003C                      l623 002F  
                    l633 0040                      l627 0034                      _GIE 005F  
           __CFG_CPD$OFF 0000                      _ISR 0066                      fsr0 0004  
           __CFG_FOSC$XT 0000             __CFG_LVP$OFF 0000                     ?_ISR 0070  
            main@counter 0021                     _INTE 005C                     i1l30 0071  
                   _INTF 0059                     i1l29 006D             __CFG_WRT$OFF 0000  
                   _main 001A                     btemp 007E            __CFG_BOREN$ON 0000  
                   ltemp 007E                     start 0012                     ttemp 007E  
                   wtemp 007E                    ??_ISR 0070                    ?_main 0070  
          __CFG_WDTE$OFF 0000                    _PORTC 0007                    _TRISB 0086  
                  _TRISC 0087                    _TRISD 0088            __CFG_PWRTE$ON 0000  
                  _delay 004E           __pbitbssCOMMON 03C8                    pclath 000A  
                  ltemp0 007E                    ltemp1 0082                    ltemp2 0086  
                  ltemp3 0080                    ttemp0 007E                    ttemp1 0081  
                  ttemp2 0084                    ttemp3 0087                    ttemp4 007F  
                  status 0003                    wtemp0 007E                    wtemp1 0080  
                  wtemp2 0082                    wtemp3 0084                    wtemp4 0086  
                  wtemp5 0088                    wtemp6 007F          __initialization 0015  
           __end_of_main 004E                   ??_main 0020                   ?_delay 0074  
                 _INTEDG 040E                   _TMR0IE 005D                   _TMR0IF 005A  
                 saved_w 007E  __end_of__initialization 0016           __pcstackCOMMON 0070  
          __end_of_delay 0066                  ??_delay 0076            delay@OF_count 0077  
             __pmaintext 001A               __pintentry 0004                  __ptext0 0000  
                __ptext1 004E                  __ptext2 0066             __size_of_ISR 0017  
             delay@count 0074     end_of_initialization 0016                _INTF_flag 03C8  
    start_initialization 0015              __end_of_ISR 007D                ___latbits 0002  
          __pcstackBANK0 0020           __size_of_delay 0018        interrupt_function 0004  
          __size_of_main 0034              _TMR0IF_flag 03C9                 intlevel1 0000  
             _OPTION_REG 0081  
